0 info it worked if it ends with ok
1 verbose cli [ '/home/ec2-user/.nvm/versions/node/v6.2.2/bin/node',
1 verbose cli   '/home/ec2-user/.nvm/versions/node/v6.2.2/bin/npm',
1 verbose cli   'run',
1 verbose cli   'start' ]
2 info using npm@3.9.5
3 info using node@v6.2.2
4 verbose run-script [ 'prestart', 'start', 'poststart' ]
5 info lifecycle angular-express@0.0.0~prestart: angular-express@0.0.0
6 silly lifecycle angular-express@0.0.0~prestart: no script for prestart, continuing
7 info lifecycle angular-express@0.0.0~start: angular-express@0.0.0
8 verbose lifecycle angular-express@0.0.0~start: unsafe-perm in lifecycle true
9 verbose lifecycle angular-express@0.0.0~start: PATH: /home/ec2-user/.nvm/versions/node/v6.2.2/lib/node_modules/npm/bin/node-gyp-bin:/home/ec2-user/angular-express/node_modules/.bin:/home/ec2-user/.nvm/versions/node/v6.2.2/bin:/home/ec2-user/.nvm/versions/node/v6.2.2/bin:/home/ec2-user/.linuxbrew/bin:/home/ec2-user/.linuxbrew/bin:/usr/local/bin:/bin:/usr/bin:/usr/local/sbin:/usr/sbin:/sbin:/opt/aws/bin:/home/ec2-user/.local/bin:/home/ec2-user/bin
10 verbose lifecycle angular-express@0.0.0~start: CWD: /home/ec2-user/angular-express
11 silly lifecycle angular-express@0.0.0~start: Args: [ '-c', 'concurrent "node ./bin/www" "npm run client" ' ]
12 info lifecycle angular-express@0.0.0~start: Failed to exec start script
13 verbose stack Error: angular-express@0.0.0 start: `concurrent "node ./bin/www" "npm run client" `
13 verbose stack spawn ENOENT
13 verbose stack     at ChildProcess.<anonymous> (/home/ec2-user/.nvm/versions/node/v6.2.2/lib/node_modules/npm/lib/utils/spawn.js:17:16)
13 verbose stack     at emitTwo (events.js:106:13)
13 verbose stack     at ChildProcess.emit (events.js:191:7)
13 verbose stack     at maybeClose (internal/child_process.js:852:16)
13 verbose stack     at Process.ChildProcess._handle.onexit (internal/child_process.js:215:5)
14 verbose pkgid angular-express@0.0.0
15 verbose cwd /home/ec2-user/angular-express
16 error Linux 4.4.16-27.56.amzn1.x86_64
17 error argv "/home/ec2-user/.nvm/versions/node/v6.2.2/bin/node" "/home/ec2-user/.nvm/versions/node/v6.2.2/bin/npm" "run" "start"
18 error node v6.2.2
19 error npm  v3.9.5
20 error file sh
21 error code ELIFECYCLE
22 error errno ENOENT
23 error syscall spawn
24 error angular-express@0.0.0 start: `concurrent "node ./bin/www" "npm run client" `
24 error spawn ENOENT
25 error Failed at the angular-express@0.0.0 start script 'concurrent "node ./bin/www" "npm run client" '.
25 error Make sure you have the latest version of node.js and npm installed.
25 error If you do, this is most likely a problem with the angular-express package,
25 error not with npm itself.
25 error Tell the author that this fails on your system:
25 error     concurrent "node ./bin/www" "npm run client"
25 error You can get information on how to open an issue for this project with:
25 error     npm bugs angular-express
25 error Or if that isn't available, you can get their info via:
25 error     npm owner ls angular-express
25 error There is likely additional logging output above.
26 verbose exit [ 1, true ]
